c:\reverse\pe\usestaticlib\usestaticlib\x64\debug\vc143.pdb
c:\reverse\pe\usestaticlib\usestaticlib\x64\debug\vc143.idb
c:\reverse\pe\usestaticlib\usestaticlib\x64\debug\usestaticlib.obj
c:\reverse\pe\usestaticlib\usestaticlib\x64\debug\usestaticlib.ilk
c:\reverse\pe\usestaticlib\x64\debug\usestaticlib.pdb
c:\reverse\pe\usestaticlib\usestaticlib\x64\debug\usestaticlib.tlog\cl.command.1.tlog
c:\reverse\pe\usestaticlib\usestaticlib\x64\debug\usestaticlib.tlog\cl.items.tlog
c:\reverse\pe\usestaticlib\usestaticlib\x64\debug\usestaticlib.tlog\cl.read.1.tlog
c:\reverse\pe\usestaticlib\usestaticlib\x64\debug\usestaticlib.tlog\cl.write.1.tlog
c:\reverse\pe\usestaticlib\usestaticlib\x64\debug\usestaticlib.tlog\link.29744-cvtres.read.1.tlog
c:\reverse\pe\usestaticlib\usestaticlib\x64\debug\usestaticlib.tlog\link.29744-cvtres.write.1.tlog
c:\reverse\pe\usestaticlib\usestaticlib\x64\debug\usestaticlib.tlog\link.29744-rc.read.1.tlog
c:\reverse\pe\usestaticlib\usestaticlib\x64\debug\usestaticlib.tlog\link.29744-rc.write.1.tlog
c:\reverse\pe\usestaticlib\usestaticlib\x64\debug\usestaticlib.tlog\link.29744.read.1.tlog
c:\reverse\pe\usestaticlib\usestaticlib\x64\debug\usestaticlib.tlog\link.29744.read.2.tlog
c:\reverse\pe\usestaticlib\usestaticlib\x64\debug\usestaticlib.tlog\link.29744.write.1.tlog
c:\reverse\pe\usestaticlib\usestaticlib\x64\debug\usestaticlib.tlog\link.command.1.tlog
c:\reverse\pe\usestaticlib\usestaticlib\x64\debug\usestaticlib.tlog\link.read.1.tlog
c:\reverse\pe\usestaticlib\usestaticlib\x64\debug\usestaticlib.tlog\link.read.2.tlog
c:\reverse\pe\usestaticlib\usestaticlib\x64\debug\usestaticlib.tlog\link.read.3.tlog
c:\reverse\pe\usestaticlib\usestaticlib\x64\debug\usestaticlib.tlog\link.secondary.1.tlog
c:\reverse\pe\usestaticlib\usestaticlib\x64\debug\usestaticlib.tlog\link.write.1.tlog
